0 info it worked if it ends with ok
1 verbose cli [ '/Users/stokesa/.nvm/versions/node/v5.7.1/bin/node',
1 verbose cli   '/Users/stokesa/.nvm/versions/node/v5.7.1/bin/npm',
1 verbose cli   'publish' ]
2 info using npm@3.10.6
3 info using node@v5.7.1
4 verbose publish [ '.' ]
5 silly cache add args [ '.', null ]
6 verbose cache add spec .
7 silly cache add parsed spec Result {
7 silly cache add   raw: '.',
7 silly cache add   scope: null,
7 silly cache add   escapedName: null,
7 silly cache add   name: null,
7 silly cache add   rawSpec: '.',
7 silly cache add   spec: '/Users/stokesa/Desktop/react-native-sails.io-client',
7 silly cache add   type: 'directory' }
8 verbose addLocalDirectory /Users/stokesa/.npm/react-native-sails.io-client/1.0.0/package.tgz not in flight; packing
9 verbose correctMkdir /Users/stokesa/.npm correctMkdir not in flight; initializing
10 info lifecycle react-native-sails.io-client@1.0.0~prepublish: react-native-sails.io-client@1.0.0
11 verbose lifecycle react-native-sails.io-client@1.0.0~prepublish: unsafe-perm in lifecycle true
12 verbose lifecycle react-native-sails.io-client@1.0.0~prepublish: PATH: /Users/stokesa/.nvm/versions/node/v5.7.1/lib/node_modules/npm/bin/node-gyp-bin:/Users/stokesa/Desktop/react-native-sails.io-client/node_modules/.bin:/Users/stokesa/.nvm/versions/node/v5.7.1/bin:/usr/local/bin:/usr/bin:/bin:/usr/sbin:/sbin:/users/stokesa/node/KICKS
13 verbose lifecycle react-native-sails.io-client@1.0.0~prepublish: CWD: /Users/stokesa/Desktop/react-native-sails.io-client
14 silly lifecycle react-native-sails.io-client@1.0.0~prepublish: Args: [ '-c', './node_modules/grunt-cli/bin/grunt publish' ]
15 silly lifecycle react-native-sails.io-client@1.0.0~prepublish: Returned: code: 2  signal: null
16 info lifecycle react-native-sails.io-client@1.0.0~prepublish: Failed to exec prepublish script
17 error addLocal Could not install /Users/stokesa/Desktop/react-native-sails.io-client
18 verbose stack Error: react-native-sails.io-client@1.0.0 prepublish: `./node_modules/grunt-cli/bin/grunt publish`
18 verbose stack Exit status 2
18 verbose stack     at EventEmitter.<anonymous> (/Users/stokesa/.nvm/versions/node/v5.7.1/lib/node_modules/npm/lib/utils/lifecycle.js:255:16)
18 verbose stack     at emitTwo (events.js:100:13)
18 verbose stack     at EventEmitter.emit (events.js:185:7)
18 verbose stack     at ChildProcess.<anonymous> (/Users/stokesa/.nvm/versions/node/v5.7.1/lib/node_modules/npm/lib/utils/spawn.js:40:14)
18 verbose stack     at emitTwo (events.js:100:13)
18 verbose stack     at ChildProcess.emit (events.js:185:7)
18 verbose stack     at maybeClose (internal/child_process.js:827:16)
18 verbose stack     at Process.ChildProcess._handle.onexit (internal/child_process.js:211:5)
19 verbose pkgid react-native-sails.io-client@1.0.0
20 verbose cwd /Users/stokesa/Desktop/react-native-sails.io-client
21 error Darwin 16.0.0
22 error argv "/Users/stokesa/.nvm/versions/node/v5.7.1/bin/node" "/Users/stokesa/.nvm/versions/node/v5.7.1/bin/npm" "publish"
23 error node v5.7.1
24 error npm  v3.10.6
25 error code ELIFECYCLE
26 error react-native-sails.io-client@1.0.0 prepublish: `./node_modules/grunt-cli/bin/grunt publish`
26 error Exit status 2
27 error Failed at the react-native-sails.io-client@1.0.0 prepublish script './node_modules/grunt-cli/bin/grunt publish'.
27 error Make sure you have the latest version of node.js and npm installed.
27 error If you do, this is most likely a problem with the react-native-sails.io-client package,
27 error not with npm itself.
27 error Tell the author that this fails on your system:
27 error     ./node_modules/grunt-cli/bin/grunt publish
27 error You can get information on how to open an issue for this project with:
27 error     npm bugs react-native-sails.io-client
27 error Or if that isn't available, you can get their info via:
27 error     npm owner ls react-native-sails.io-client
27 error There is likely additional logging output above.
28 verbose exit [ 1, true ]
