0 info it worked if it ends with ok
1 verbose cli [ '/Users/stokesa/.nvm/versions/node/v5.7.1/bin/node',
1 verbose cli   '/Users/stokesa/.nvm/versions/node/v5.7.1/bin/npm',
1 verbose cli   'publish' ]
2 info using npm@3.10.6
3 info using node@v5.7.1
4 verbose publish [ '.' ]
5 silly cache add args [ '.', null ]
6 verbose cache add spec .
7 silly cache add parsed spec Result {
7 silly cache add   raw: '.',
7 silly cache add   scope: null,
7 silly cache add   escapedName: null,
7 silly cache add   name: null,
7 silly cache add   rawSpec: '.',
7 silly cache add   spec: '/Users/stokesa/react-native-sails.io-client/dist',
7 silly cache add   type: 'directory' }
8 verbose addLocalDirectory /Users/stokesa/.npm/sails.io.js-dist/1.1.6/package.tgz not in flight; packing
9 verbose correctMkdir /Users/stokesa/.npm correctMkdir not in flight; initializing
10 info lifecycle sails.io.js-dist@1.1.6~prepublish: sails.io.js-dist@1.1.6
11 silly lifecycle sails.io.js-dist@1.1.6~prepublish: no script for prepublish, continuing
12 verbose tar pack [ '/Users/stokesa/.npm/sails.io.js-dist/1.1.6/package.tgz',
12 verbose tar pack   '/Users/stokesa/react-native-sails.io-client/dist' ]
13 verbose tarball /Users/stokesa/.npm/sails.io.js-dist/1.1.6/package.tgz
14 verbose folder /Users/stokesa/react-native-sails.io-client/dist
15 verbose addLocalTarball adding from inside cache /Users/stokesa/.npm/sails.io.js-dist/1.1.6/package.tgz
16 verbose correctMkdir /Users/stokesa/.npm correctMkdir not in flight; initializing
17 silly cache afterAdd sails.io.js-dist@1.1.6
18 verbose afterAdd /Users/stokesa/.npm/sails.io.js-dist/1.1.6/package/package.json not in flight; writing
19 verbose correctMkdir /Users/stokesa/.npm correctMkdir not in flight; initializing
20 verbose afterAdd /Users/stokesa/.npm/sails.io.js-dist/1.1.6/package/package.json written
21 silly publish { name: 'sails.io.js-dist',
21 silly publish   version: '1.1.6',
21 silly publish   description: 'Distribution version of sails.io.js for browsers, including bundled socket.io-client.',
21 silly publish   main: 'sails.io.js',
21 silly publish   repository:
21 silly publish    { type: 'git',
21 silly publish      url: 'git://github.com/balderdashy/sails.io.js.git' },
21 silly publish   author:
21 silly publish    { name: 'Mike McNeil',
21 silly publish      email: '@mikermcneil',
21 silly publish      url: 'http://mikermcneil.com/' },
21 silly publish   license: 'MIT',
21 silly publish   bugs: { url: 'https://github.com/balderdashy/sails/issues' },
21 silly publish   homepage: 'http://sailsjs.com/documentation/reference/web-sockets/socket-client',
21 silly publish   readme: '# sails.io.js-dist\n\nThis is the JavaScript SDK for communicating with Sails via sockets.  Specifically, it is the distribution for web browsers, and the release that is bundled in new Sails apps by default.\n\n\n## Compatibility\n\nBefore using this package directly, be sure that you\'re using the same version as the dependency in your version of Sails\'s [sails-generate](https://npmjs.com/package/sails-generate)\'s package.json file.\n\n> Prior to Sails v1, instead of `sails-generate`, this was in the `sails-generate-sails.io.js` dependency,\n> which was itself a dependency of `sails-generate-frontend`, which was itself a depenency of `sails-generate`,\n> which was itself a dependency of `sails.  (You can see why we changed it!)\n>\n> Anyway, if you\'re using <=Sails v0.12, check the dependency version in the package.json file of [sails-generate-sails.io.js](https://npmjs.com/package/sails-generate-sails.io.js).\n\n\nThis package is _always_ released under the same version string as [`sails.io.js`](https://npmjs.com/package/sails.io.js), the Node.js distribution.  (It is published automatically when `sails.io.js` is published.)\n\n\n## Help\n\nIf you have questions or are having trouble, click [here](http://sailsjs.com/support).\n\n\n## Bugs &nbsp; [![NPM version](https://badge.fury.io/js/sails.io.js-dist.svg)](http://npmjs.com/package/sails.io.js-dist)\n\nTo report a bug, [click here](http://sailsjs.com/bugs).\n\n\n## Contributing &nbsp; [![Build Status](https://travis-ci.org/balderdashy/sails.io.js.svg?branch=master)](https://travis-ci.org/balderdashy/sails.io.js)\n\nPlease observe the guidelines and conventions laid out in the [Sails project contribution guide](http://sailsjs.com/documentation/contributing) when opening issues or submitting pull requests.\n\n[![NPM](https://nodei.co/npm/sails.io.js-dist.png?downloads=true)](http://npmjs.com/package/sails.io.js-dist)\n\n\n## License\n\nThis package is part of the [Sails framework](http://sailsjs.com), and is free and open-source under the [MIT License](http://sailsjs.com/license).\n\n\n![image_squidhome@2x.png](http://i.imgur.com/RIvu9.png)\n',
21 silly publish   readmeFilename: 'README.md',
21 silly publish   _id: 'sails.io.js-dist@1.1.6',
21 silly publish   scripts: {},
21 silly publish   _shasum: '854d93784515bafbfd9ed270f3f5b091abe1c7e5',
21 silly publish   _from: '.' }
22 verbose getPublishConfig undefined
23 silly mapToRegistry name sails.io.js-dist
24 silly mapToRegistry using default registry
25 silly mapToRegistry registry https://registry.npmjs.org/
26 silly mapToRegistry data Result {
26 silly mapToRegistry   raw: 'sails.io.js-dist',
26 silly mapToRegistry   scope: null,
26 silly mapToRegistry   escapedName: 'sails.io.js-dist',
26 silly mapToRegistry   name: 'sails.io.js-dist',
26 silly mapToRegistry   rawSpec: '',
26 silly mapToRegistry   spec: 'latest',
26 silly mapToRegistry   type: 'tag' }
27 silly mapToRegistry uri https://registry.npmjs.org/sails.io.js-dist
28 verbose publish registryBase https://registry.npmjs.org/
29 silly publish uploading /Users/stokesa/.npm/sails.io.js-dist/1.1.6/package.tgz
30 verbose request uri https://registry.npmjs.org/sails.io.js-dist
31 verbose request sending authorization for write operation
32 info attempt registry request try #1 at 3:22:36 PM
33 verbose request using bearer token for auth
34 verbose request id 4e438cfd19bd6d7e
35 http request PUT https://registry.npmjs.org/sails.io.js-dist
36 http 403 https://registry.npmjs.org/sails.io.js-dist
37 verbose headers { 'content-type': 'application/json',
37 verbose headers   'cache-control': 'max-age=300',
37 verbose headers   'content-length': '110',
37 verbose headers   'accept-ranges': 'bytes',
37 verbose headers   date: 'Sun, 12 Mar 2017 19:22:37 GMT',
37 verbose headers   via: '1.1 varnish',
37 verbose headers   connection: 'keep-alive',
37 verbose headers   'x-served-by': 'cache-bos8230-BOS',
37 verbose headers   'x-cache': 'MISS',
37 verbose headers   'x-cache-hits': '0',
37 verbose headers   'x-timer': 'S1489346556.962613,VS0,VE403',
37 verbose headers   vary: 'Accept-Encoding' }
38 verbose request invalidating /Users/stokesa/.npm/registry.npmjs.org/sails.io.js-dist on PUT
39 error publish Failed PUT 403
40 verbose stack Error: you do not have permission to publish "sails.io.js-dist". Are you logged in as the correct user? : sails.io.js-dist
40 verbose stack     at makeError (/Users/stokesa/.nvm/versions/node/v5.7.1/lib/node_modules/npm/node_modules/npm-registry-client/lib/request.js:264:12)
40 verbose stack     at CachingRegistryClient.<anonymous> (/Users/stokesa/.nvm/versions/node/v5.7.1/lib/node_modules/npm/node_modules/npm-registry-client/lib/request.js:252:14)
40 verbose stack     at Request._callback (/Users/stokesa/.nvm/versions/node/v5.7.1/lib/node_modules/npm/node_modules/npm-registry-client/lib/request.js:172:14)
40 verbose stack     at Request.self.callback (/Users/stokesa/.nvm/versions/node/v5.7.1/lib/node_modules/npm/node_modules/request/request.js:200:22)
40 verbose stack     at emitTwo (events.js:100:13)
40 verbose stack     at Request.emit (events.js:185:7)
40 verbose stack     at Request.<anonymous> (/Users/stokesa/.nvm/versions/node/v5.7.1/lib/node_modules/npm/node_modules/request/request.js:1067:10)
40 verbose stack     at emitOne (events.js:95:20)
40 verbose stack     at Request.emit (events.js:182:7)
40 verbose stack     at IncomingMessage.<anonymous> (/Users/stokesa/.nvm/versions/node/v5.7.1/lib/node_modules/npm/node_modules/request/request.js:988:12)
41 verbose statusCode 403
42 verbose pkgid sails.io.js-dist
43 verbose cwd /Users/stokesa/react-native-sails.io-client/dist
44 error Darwin 16.0.0
45 error argv "/Users/stokesa/.nvm/versions/node/v5.7.1/bin/node" "/Users/stokesa/.nvm/versions/node/v5.7.1/bin/npm" "publish"
46 error node v5.7.1
47 error npm  v3.10.6
48 error code E403
49 error you do not have permission to publish "sails.io.js-dist". Are you logged in as the correct user? : sails.io.js-dist
50 error If you need help, you may report this error at:
50 error     <https://github.com/npm/npm/issues>
51 verbose exit [ 1, true ]
